<?xml version="1.0" encoding="UTF-8"?>
<!-- Generated by org.testng.reporters.JUnitXMLReporter -->
<testsuite ignored="0" hostname="DESKTOP-KOQ67QC" failures="0" tests="4" name="Default test" time="131.196" errors="0" timestamp="2024-01-28T22:55:01 IST">
  <testcase classname="testcase.MyFIrstTestCaseFW" name="LoginTest" time="5.853"/>
  <testcase classname="testcase.MyFIrstTestCaseFW" name="LoginTest" time="3.795"/>
  <testcase classname="testcase.MyFIrstTestCaseFW" name="LoginTest" time="5.939"/>
  <testcase classname="testcase.MyFIrstTestCaseFW" name="LoginTest" time="27.602"/>
</testsuite> <!-- Default test -->
