<?xml version="1.0" encoding="UTF-8"?>
<testng-results ignored="0" total="1" passed="1" failed="0" skipped="0">
  <reporter-output>
  </reporter-output>
  <suite started-at="2024-01-20T20:34:40 IST" name="BVT Test Suite" finished-at="2024-01-20T20:34:58 IST" duration-ms="18515">
    <groups>
    </groups>
    <test started-at="2024-01-20T20:34:40 IST" name="BVT Test" finished-at="2024-01-20T20:34:58 IST" duration-ms="18515">
      <class name="testcase.MyFIrstTestCaseFW">
        <test-method is-config="true" signature="setUp()[pri:0, instance:testcase.MyFIrstTestCaseFW@28701274]" started-at="2024-01-20T20:34:40 IST" name="setUp" finished-at="2024-01-20T20:34:58 IST" duration-ms="18125" status="PASS">
          <reporter-output>
          </reporter-output>
        </test-method> <!-- setUp -->
        <test-method signature="LoginTest()[pri:0, instance:testcase.MyFIrstTestCaseFW@28701274]" started-at="2024-01-20T20:34:58 IST" name="LoginTest" finished-at="2024-01-20T20:34:58 IST" duration-ms="60" status="PASS">
          <reporter-output>
          </reporter-output>
        </test-method> <!-- LoginTest -->
        <test-method is-config="true" signature="tearDown()[pri:0, instance:testcase.MyFIrstTestCaseFW@28701274]" started-at="2024-01-20T20:34:58 IST" name="tearDown" finished-at="2024-01-20T20:34:58 IST" duration-ms="250" status="PASS">
          <reporter-output>
          </reporter-output>
        </test-method> <!-- tearDown -->
      </class> <!-- testcase.MyFIrstTestCaseFW -->
    </test> <!-- BVT Test -->
  </suite> <!-- BVT Test Suite -->
</testng-results>
