<?xml version="1.0" encoding="UTF-8"?>
<testng-results ignored="0" total="2" passed="2" failed="0" skipped="0">
  <reporter-output>
  </reporter-output>
  <suite started-at="2024-01-27T18:18:22 IST" name="Default suite" finished-at="2024-01-27T18:19:28 IST" duration-ms="66858">
    <groups>
    </groups>
    <test started-at="2024-01-27T18:18:22 IST" name="Default test" finished-at="2024-01-27T18:19:28 IST" duration-ms="66858">
      <class name="testcase.MyFIrstTestCaseFW">
        <test-method is-config="true" signature="setUp()[pri:0, instance:testcase.MyFIrstTestCaseFW@5656be13]" started-at="2024-01-27T18:18:22 IST" name="setUp" finished-at="2024-01-27T18:18:52 IST" duration-ms="30516" status="PASS">
          <reporter-output>
          </reporter-output>
        </test-method> <!-- setUp -->
        <test-method signature="LoginTest(java.lang.String,java.lang.String)[pri:0, instance:testcase.MyFIrstTestCaseFW@5656be13]" started-at="2024-01-27T18:18:52 IST" name="LoginTest" data-provider="testdata" finished-at="2024-01-27T18:18:56 IST" duration-ms="3405" status="PASS">
          <params>
            <param index="0">
              <value>
                <![CDATA[Adnan]]>
              </value>
            </param>
            <param index="1">
              <value>
                <![CDATA[Games221998]]>
              </value>
            </param>
          </params>
          <reporter-output>
          </reporter-output>
        </test-method> <!-- LoginTest -->
        <test-method is-config="true" signature="tearDown()[pri:0, instance:testcase.MyFIrstTestCaseFW@5656be13]" started-at="2024-01-27T18:18:56 IST" name="tearDown" finished-at="2024-01-27T18:18:56 IST" duration-ms="316" status="PASS">
          <reporter-output>
          </reporter-output>
        </test-method> <!-- tearDown -->
        <test-method is-config="true" signature="setUp()[pri:0, instance:testcase.MyFIrstTestCaseFW@5656be13]" started-at="2024-01-27T18:18:56 IST" name="setUp" finished-at="2024-01-27T18:19:24 IST" duration-ms="28630" status="PASS">
          <reporter-output>
          </reporter-output>
        </test-method> <!-- setUp -->
        <test-method signature="LoginTest(java.lang.String,java.lang.String)[pri:0, instance:testcase.MyFIrstTestCaseFW@5656be13]" started-at="2024-01-27T18:19:24 IST" name="LoginTest" data-provider="testdata" finished-at="2024-01-27T18:19:28 IST" duration-ms="3466" status="PASS">
          <params>
            <param index="0">
              <value>
                <![CDATA[Adnan]]>
              </value>
            </param>
            <param index="1">
              <value>
                <![CDATA[Games@221998]]>
              </value>
            </param>
          </params>
          <reporter-output>
          </reporter-output>
        </test-method> <!-- LoginTest -->
        <test-method is-config="true" signature="tearDown()[pri:0, instance:testcase.MyFIrstTestCaseFW@5656be13]" started-at="2024-01-27T18:19:28 IST" name="tearDown" finished-at="2024-01-27T18:19:28 IST" duration-ms="440" status="PASS">
          <reporter-output>
          </reporter-output>
        </test-method> <!-- tearDown -->
      </class> <!-- testcase.MyFIrstTestCaseFW -->
    </test> <!-- Default test -->
  </suite> <!-- Default suite -->
</testng-results>
